<?xml version="1.0" encoding="UTF-8"?>
<!-- Generated by org.testng.reporters.JUnitXMLReporter -->
<testsuite hostname="NISBDFS128962-B" ignored="2" name="Test" tests="1" failures="0" timestamp="08 Oct 2020 06:43:23 GMT" time="45.895" errors="0">
  <testcase name="testCase" time="31.933" classname="tests.TestCase01_MarketPlace_Transaction"/>
  <testcase name="@AfterTest tearDown" time="0.0" classname="tests.BaseClass">
    <ignored/>
  </testcase> <!-- @AfterTest tearDown -->
  <testcase name="@BeforeTest setup" time="0.0" classname="tests.BaseClass">
    <ignored/>
  </testcase> <!-- @BeforeTest setup -->
</testsuite> <!-- Test -->
